<?xml version="1.0" encoding="UTF-8"?>
<!-- Generated by org.testng.reporters.JUnitXMLReporter -->
<testsuite hostname="DESKTOP-VSVB4IJ" name="Default test" tests="2" failures="0" timestamp="31 Oct 2019 06:52:03 GMT" time="26.779" errors="0">
  <testcase name="alogintest" time="1.61" classname="com.training.sanity.tests.FilterOrder_RTTC0047_Medium"/>
  <testcase name="filtertest" time="11.535" classname="com.training.sanity.tests.FilterOrder_RTTC0047_Medium"/>
</testsuite> <!-- Default test -->
